Using pre-set license
Built from '2021.3/staging' branch; Version is '2021.3.22f1 (b6c551784ba3) revision 11978065'; Using compiler version '192829333'; Build Type 'Release'
OS: 'Windows 11  (10.0.22621) 64bit Professional' Language: 'en' Physical Memory: 16225 MB
BatchMode: 1, IsHumanControllingUs: 0, StartBugReporterOnCrash: 0, Is64bit: 1, IsPro: 1

COMMAND LINE ARGUMENTS:
C:\Program Files\Unity\Hub\Editor\2021.3.22f1\Editor\Unity.exe
-adb2
-batchMode
-noUpm
-name
AssetImportWorker0
-projectPath
C:/Users/PC/Desktop/Kuliah/GameProg/Pong 2D Danang
-logFile
Logs/AssetImportWorker0.log
-srvPort
62798
Successfully changed project path to: C:/Users/PC/Desktop/Kuliah/GameProg/Pong 2D Danang
C:/Users/PC/Desktop/Kuliah/GameProg/Pong 2D Danang
[UnityMemory] Configuration Parameters - Can be set up in boot.config
    "memorysetup-bucket-allocator-granularity=16"
    "memorysetup-bucket-allocator-bucket-count=8"
    "memorysetup-bucket-allocator-block-size=33554432"
    "memorysetup-bucket-allocator-block-count=8"
    "memorysetup-main-allocator-block-size=16777216"
    "memorysetup-thread-allocator-block-size=16777216"
    "memorysetup-gfx-main-allocator-block-size=16777216"
    "memorysetup-gfx-thread-allocator-block-size=16777216"
    "memorysetup-cache-allocator-block-size=4194304"
    "memorysetup-typetree-allocator-block-size=2097152"
    "memorysetup-profiler-bucket-allocator-granularity=16"
    "memorysetup-profiler-bucket-allocator-bucket-count=8"
    "memorysetup-profiler-bucket-allocator-block-size=33554432"
    "memorysetup-profiler-bucket-allocator-block-count=8"
    "memorysetup-profiler-allocator-block-size=16777216"
    "memorysetup-profiler-editor-allocator-block-size=1048576"
    "memorysetup-temp-allocator-size-main=16777216"
    "memorysetup-job-temp-allocator-block-size=2097152"
    "memorysetup-job-temp-allocator-block-size-background=1048576"
    "memorysetup-job-temp-allocator-reduction-small-platforms=262144"
    "memorysetup-temp-allocator-size-background-worker=32768"
    "memorysetup-temp-allocator-size-job-worker=262144"
    "memorysetup-temp-allocator-size-preload-manager=33554432"
    "memorysetup-temp-allocator-size-nav-mesh-worker=65536"
    "memorysetup-temp-allocator-size-audio-worker=65536"
    "memorysetup-temp-allocator-size-cloud-worker=32768"
    "memorysetup-temp-allocator-size-gi-baking-worker=262144"
    "memorysetup-temp-allocator-size-gfx=262144"
Player connection [9824] Host "[IP] 192.168.1.3 [Port] 0 [Flags] 2 [Guid] 389987973 [EditorId] 389987973 [Version] 1048832 [Id] WindowsEditor(7,DESKTOP-UDTAHMK) [Debug] 1 [PackageName] WindowsEditor [ProjectName] Editor" joined multi-casting on [225.0.0.222:54997]...

Player connection [9824] Host "[IP] 192.168.1.3 [Port] 0 [Flags] 2 [Guid] 389987973 [EditorId] 389987973 [Version] 1048832 [Id] WindowsEditor(7,DESKTOP-UDTAHMK) [Debug] 1 [PackageName] WindowsEditor [ProjectName] Editor" joined alternative multi-casting on [225.0.0.222:34997]...

Refreshing native plugins compatible for Editor in 61.10 ms, found 4 plugins.
Preloading 0 native plugins for Editor in 0.00 ms.
Initialize engine version: 2021.3.22f1 (b6c551784ba3)
[Subsystems] Discovering subsystems at path C:/Program Files/Unity/Hub/Editor/2021.3.22f1/Editor/Data/Resources/UnitySubsystems
[Subsystems] Discovering subsystems at path C:/Users/PC/Desktop/Kuliah/GameProg/Pong 2D Danang/Assets
GfxDevice: creating device client; threaded=0; jobified=0
Direct3D:
    Version:  Direct3D 11.0 [level 11.1]
    Renderer: NVIDIA GeForce RTX 3060 (ID=0x2504)
    Vendor:   NVIDIA
    VRAM:     12129 MB
    Driver:   31.0.15.2802
Initialize mono
Mono path[0] = 'C:/Program Files/Unity/Hub/Editor/2021.3.22f1/Editor/Data/Managed'
Mono path[1] = 'C:/Program Files/Unity/Hub/Editor/2021.3.22f1/Editor/Data/MonoBleedingEdge/lib/mono/unityjit-win32'
Mono config path = 'C:/Program Files/Unity/Hub/Editor/2021.3.22f1/Editor/Data/MonoBleedingEdge/etc'
Using monoOptions --debugger-agent=transport=dt_socket,embedding=1,server=y,suspend=n,address=127.0.0.1:56520
Begin MonoManager ReloadAssembly
Registering precompiled unity dll's ...
Register platform support module: C:/Program Files/Unity/Hub/Editor/2021.3.22f1/Editor/Data/PlaybackEngines/WindowsStandaloneSupport/UnityEditor.WindowsStandalone.Extensions.dll
Registered in 0.002917 seconds.
Native extension for WindowsStandalone target not found
Refreshing native plugins compatible for Editor in 62.67 ms, found 4 plugins.
Preloading 0 native plugins for Editor in 0.00 ms.
Mono: successfully reloaded assembly
- Completed reload, in  0.484 seconds
Domain Reload Profiling:
	ReloadAssembly (484ms)
		BeginReloadAssembly (66ms)
			ExecutionOrderSort (0ms)
			DisableScriptedObjects (0ms)
			BackupInstance (0ms)
			ReleaseScriptingObjects (0ms)
			CreateAndSetChildDomain (1ms)
		EndReloadAssembly (348ms)
			LoadAssemblies (64ms)
			RebuildTransferFunctionScriptingTraits (0ms)
			SetupTypeCache (88ms)
			ReleaseScriptCaches (0ms)
			RebuildScriptCaches (22ms)
			SetupLoadedEditorAssemblies (201ms)
				LogAssemblyErrors (0ms)
				InitializePlatformSupportModulesInManaged (5ms)
				SetLoadedEditorAssemblies (0ms)
				RefreshPlugins (63ms)
				BeforeProcessingInitializeOnLoad (1ms)
				ProcessInitializeOnLoadAttributes (96ms)
				ProcessInitializeOnLoadMethodAttributes (35ms)
				AfterProcessingInitializeOnLoad (0ms)
				EditorAssembliesLoaded (0ms)
			ExecutionOrderSort2 (0ms)
			AwakeInstancesAfterBackupRestoration (0ms)
Platform modules already initialized, skipping
Registering precompiled user dll's ...
Registered in 0.003972 seconds.
Begin MonoManager ReloadAssembly
Symbol file LoadedFromMemory doesn't match image C:\Users\PC\Desktop\Kuliah\GameProg\Pong 2D Danang\Library\PackageCache\com.unity.visualscripting@1.8.0\Editor\VisualScripting.Core\Dependencies\YamlDotNet\Unity.VisualScripting.YamlDotNet.dll
Symbol file LoadedFromMemory doesn't match image C:\Users\PC\Desktop\Kuliah\GameProg\Pong 2D Danang\Library\PackageCache\com.unity.visualscripting@1.8.0\Editor\VisualScripting.Core\Dependencies\DotNetZip\Unity.VisualScripting.IonicZip.dll
Native extension for WindowsStandalone target not found
Refreshing native plugins compatible for Editor in 62.39 ms, found 4 plugins.
Preloading 0 native plugins for Editor in 0.00 ms.
Mono: successfully reloaded assembly
- Completed reload, in  0.888 seconds
Domain Reload Profiling:
	ReloadAssembly (889ms)
		BeginReloadAssembly (107ms)
			ExecutionOrderSort (0ms)
			DisableScriptedObjects (6ms)
			BackupInstance (0ms)
			ReleaseScriptingObjects (0ms)
			CreateAndSetChildDomain (15ms)
		EndReloadAssembly (693ms)
			LoadAssemblies (87ms)
			RebuildTransferFunctionScriptingTraits (0ms)
			SetupTypeCache (201ms)
			ReleaseScriptCaches (0ms)
			RebuildScriptCaches (40ms)
			SetupLoadedEditorAssemblies (338ms)
				LogAssemblyErrors (0ms)
				InitializePlatformSupportModulesInManaged (3ms)
				SetLoadedEditorAssemblies (0ms)
				RefreshPlugins (62ms)
				BeforeProcessingInitializeOnLoad (61ms)
				ProcessInitializeOnLoadAttributes (175ms)
				ProcessInitializeOnLoadMethodAttributes (33ms)
				AfterProcessingInitializeOnLoad (3ms)
				EditorAssembliesLoaded (0ms)
			ExecutionOrderSort2 (0ms)
			AwakeInstancesAfterBackupRestoration (5ms)
Platform modules already initialized, skipping
========================================================================
Worker process is ready to serve import requests
Launched and connected shader compiler UnityShaderCompiler.exe after 0.03 seconds
Refreshing native plugins compatible for Editor in 0.60 ms, found 4 plugins.
Preloading 0 native plugins for Editor in 0.00 ms.
Unloading 3734 Unused Serialized files (Serialized files now loaded: 0)
Unloading 41 unused Assets / (229.1 KB). Loaded Objects now: 4187.
Memory consumption went from 142.6 MB to 142.4 MB.
Total: 2.353500 ms (FindLiveObjects: 0.166200 ms CreateObjectMapping: 0.079000 ms MarkObjects: 1.983400 ms  DeleteObjects: 0.123800 ms)

AssetImportParameters requested are different than current active one (requested -> active):
  custom:video-decoder-ogg-theora: a1e56fd34408186e4bbccfd4996cb3dc -> 
  custom:container-muxer-webm: aa71ff27fc2769a1b78a27578f13a17b -> 
  custom:container-demuxer-webm: 4f35f7cbe854078d1ac9338744f61a02 -> 
  custom:video-encoder-webm-vp8: eb34c28f22e8b96e1ab97ce403110664 -> 
  custom:audio-encoder-webm-vorbis: bf7c407c2cedff20999df2af8eb42d56 -> 
  custom:framework-win-MediaFoundation: 216162199b28c13a410421893ffa2e32 -> 
  custom:container-demuxer-ogg: 62fdf1f143b41e24485cea50d1cbac27 -> 
  custom:video-decoder-webm-vp8: 9c59270c3fd7afecdb556c50c9e8de78 -> 
  custom:audio-decoder-ogg-vorbis: bf7c407c2cedff20999df2af8eb42d56 -> 
========================================================================
Received Import Request.
  Time since last request: 707355.579905 seconds.
  path: Assets/Scenes/New Folder
  artifactKey: Guid(4837b47c876e9df48bd028b5f77a2c7b) Importer(815301076,1909f56bfc062723c751e8b465ee728b)
Start importing Assets/Scenes/New Folder using Guid(4837b47c876e9df48bd028b5f77a2c7b) Importer(815301076,1909f56bfc062723c751e8b465ee728b)  -> (artifact id: '9dcf3186174fa6f3c011f0dd36ee02d0') in 0.008721 seconds 
========================================================================
Received Import Request.
  Time since last request: 9.048126 seconds.
  path: Assets
  artifactKey: Guid(00000000000000001000000000000000) Importer(815301076,1909f56bfc062723c751e8b465ee728b)
Start importing Assets using Guid(00000000000000001000000000000000) Importer(815301076,1909f56bfc062723c751e8b465ee728b)  -> (artifact id: '79842766b460edbeab6a34051e857a80') in 0.005700 seconds 
========================================================================
Received Import Request.
  Time since last request: 30.977413 seconds.
  path: Assets/New Folder
  artifactKey: Guid(60fc6c4ea4db5ec4199bb37a4c8db689) Importer(815301076,1909f56bfc062723c751e8b465ee728b)
Start importing Assets/New Folder using Guid(60fc6c4ea4db5ec4199bb37a4c8db689) Importer(815301076,1909f56bfc062723c751e8b465ee728b)  -> (artifact id: '6af6bcf6efb69dbc678015221260bb4f') in 0.001504 seconds 
========================================================================
Received Import Request.
  Time since last request: 5.864473 seconds.
  path: Assets/Animation
  artifactKey: Guid(60fc6c4ea4db5ec4199bb37a4c8db689) Importer(815301076,1909f56bfc062723c751e8b465ee728b)
Start importing Assets/Animation using Guid(60fc6c4ea4db5ec4199bb37a4c8db689) Importer(815301076,1909f56bfc062723c751e8b465ee728b)  -> (artifact id: '4f12da49c128a10efbe14900d3d4d9bb') in 0.004975 seconds 
========================================================================
Received Import Request.
  Time since last request: 6.452254 seconds.
  path: Assets/Animations
  artifactKey: Guid(60fc6c4ea4db5ec4199bb37a4c8db689) Importer(815301076,1909f56bfc062723c751e8b465ee728b)
Start importing Assets/Animations using Guid(60fc6c4ea4db5ec4199bb37a4c8db689) Importer(815301076,1909f56bfc062723c751e8b465ee728b)  -> (artifact id: 'b57104545779003ce81ffde41613fa0b') in 0.004960 seconds 
========================================================================
Received Import Request.
  Time since last request: 4.831843 seconds.
  path: Assets/New Folder
  artifactKey: Guid(234e49082bde17945ac6b7d1bfe2c2e9) Importer(815301076,1909f56bfc062723c751e8b465ee728b)
Start importing Assets/New Folder using Guid(234e49082bde17945ac6b7d1bfe2c2e9) Importer(815301076,1909f56bfc062723c751e8b465ee728b)  -> (artifact id: '0991e8888e61e62b94a359c52295f9f4') in 0.001533 seconds 
========================================================================
Received Import Request.
  Time since last request: 5.750435 seconds.
  path: Assets/Rendering
  artifactKey: Guid(234e49082bde17945ac6b7d1bfe2c2e9) Importer(815301076,1909f56bfc062723c751e8b465ee728b)
Start importing Assets/Rendering using Guid(234e49082bde17945ac6b7d1bfe2c2e9) Importer(815301076,1909f56bfc062723c751e8b465ee728b)  -> (artifact id: '86108e602ccc54ff88acc7d0d6fea60d') in 0.005293 seconds 
========================================================================
Received Import Request.
  Time since last request: 14.206735 seconds.
  path: Assets/Scripts
  artifactKey: Guid(14651bde17994d44fbc7a21029cc4197) Importer(815301076,1909f56bfc062723c751e8b465ee728b)
Start importing Assets/Scripts using Guid(14651bde17994d44fbc7a21029cc4197) Importer(815301076,1909f56bfc062723c751e8b465ee728b)  -> (artifact id: 'b7f9632cd856a5da743a711b76fb64e6') in 0.004681 seconds 
========================================================================
Received Import Request.
  Time since last request: 8.143407 seconds.
  path: Assets/Sound
  artifactKey: Guid(785b7567a83590e459560f9eca8b4392) Importer(815301076,1909f56bfc062723c751e8b465ee728b)
Start importing Assets/Sound using Guid(785b7567a83590e459560f9eca8b4392) Importer(815301076,1909f56bfc062723c751e8b465ee728b)  -> (artifact id: '83fc2d3001956df2ad0a939d63b50712') in 0.004797 seconds 
========================================================================
Received Import Request.
  Time since last request: 8.175667 seconds.
  path: Assets/Sprites
  artifactKey: Guid(5f5834b98db730548b0d43b61d259339) Importer(815301076,1909f56bfc062723c751e8b465ee728b)
Start importing Assets/Sprites using Guid(5f5834b98db730548b0d43b61d259339) Importer(815301076,1909f56bfc062723c751e8b465ee728b)  -> (artifact id: '70619e3a9eb779889c34caf01f2eb8b8') in 0.004991 seconds 
========================================================================
Received Import Request.
  Time since last request: 16.437125 seconds.
  path: Assets/Text
  artifactKey: Guid(c05e0107a87578e4390fce20ca0afd6f) Importer(815301076,1909f56bfc062723c751e8b465ee728b)
Start importing Assets/Text using Guid(c05e0107a87578e4390fce20ca0afd6f) Importer(815301076,1909f56bfc062723c751e8b465ee728b)  -> (artifact id: 'b619e54ec8d91d9750894073f1569004') in 0.005414 seconds 
========================================================================
Received Import Request.
  Time since last request: 8.507231 seconds.
  path: Assets/TextMeshPro
  artifactKey: Guid(c05e0107a87578e4390fce20ca0afd6f) Importer(815301076,1909f56bfc062723c751e8b465ee728b)
Start importing Assets/TextMeshPro using Guid(c05e0107a87578e4390fce20ca0afd6f) Importer(815301076,1909f56bfc062723c751e8b465ee728b)  -> (artifact id: '4acd44892d4c2552baa13a50b293f5e4') in 0.004487 seconds 
========================================================================
Received Import Request.
  Time since last request: 116.926065 seconds.
  path: Assets/New Scene.unity
  artifactKey: Guid(18ec4b3338859474f9a1cbfe48b26e90) Importer(815301076,1909f56bfc062723c751e8b465ee728b)
Start importing Assets/New Scene.unity using Guid(18ec4b3338859474f9a1cbfe48b26e90) Importer(815301076,1909f56bfc062723c751e8b465ee728b)  -> (artifact id: '18a76455db69fa991400e2a93c72c635') in 0.005486 seconds 
========================================================================
Received Import Request.
  Time since last request: 7.101093 seconds.
  path: Assets/MainMenu.unity
  artifactKey: Guid(18ec4b3338859474f9a1cbfe48b26e90) Importer(815301076,1909f56bfc062723c751e8b465ee728b)
Start importing Assets/MainMenu.unity using Guid(18ec4b3338859474f9a1cbfe48b26e90) Importer(815301076,1909f56bfc062723c751e8b465ee728b)  -> (artifact id: 'd94dc91fdd092f2477d73f02e627434e') in 0.004666 seconds 
========================================================================
Received Import Request.
  Time since last request: 20.636526 seconds.
  path: Assets/Game.unity
  artifactKey: Guid(f78e29bbdbc293f4fb4335661806a239) Importer(815301076,1909f56bfc062723c751e8b465ee728b)
Start importing Assets/Game.unity using Guid(f78e29bbdbc293f4fb4335661806a239) Importer(815301076,1909f56bfc062723c751e8b465ee728b)  -> (artifact id: '71249796e2435aae921aadc4bf77cd18') in 0.005611 seconds 
========================================================================
Received Prepare
Registering precompiled user dll's ...
Registered in 0.003310 seconds.
Begin MonoManager ReloadAssembly
Symbol file LoadedFromMemory doesn't match image C:\Users\PC\Desktop\Kuliah\GameProg\Pong 2D Danang\Library\PackageCache\com.unity.visualscripting@1.8.0\Editor\VisualScripting.Core\Dependencies\YamlDotNet\Unity.VisualScripting.YamlDotNet.dll
Symbol file LoadedFromMemory doesn't match image C:\Users\PC\Desktop\Kuliah\GameProg\Pong 2D Danang\Library\PackageCache\com.unity.visualscripting@1.8.0\Editor\VisualScripting.Core\Dependencies\DotNetZip\Unity.VisualScripting.IonicZip.dll
Native extension for WindowsStandalone target not found
Refreshing native plugins compatible for Editor in 0.66 ms, found 4 plugins.
Preloading 0 native plugins for Editor in 0.00 ms.
Mono: successfully reloaded assembly
- Completed reload, in  0.687 seconds
Domain Reload Profiling:
	ReloadAssembly (688ms)
		BeginReloadAssembly (108ms)
			ExecutionOrderSort (0ms)
			DisableScriptedObjects (5ms)
			BackupInstance (0ms)
			ReleaseScriptingObjects (0ms)
			CreateAndSetChildDomain (27ms)
		EndReloadAssembly (512ms)
			LoadAssemblies (69ms)
			RebuildTransferFunctionScriptingTraits (0ms)
			SetupTypeCache (162ms)
			ReleaseScriptCaches (1ms)
			RebuildScriptCaches (36ms)
			SetupLoadedEditorAssemblies (225ms)
				LogAssemblyErrors (0ms)
				InitializePlatformSupportModulesInManaged (9ms)
				SetLoadedEditorAssemblies (1ms)
				RefreshPlugins (1ms)
				BeforeProcessingInitializeOnLoad (54ms)
				ProcessInitializeOnLoadAttributes (133ms)
				ProcessInitializeOnLoadMethodAttributes (25ms)
				AfterProcessingInitializeOnLoad (3ms)
				EditorAssembliesLoaded (0ms)
			ExecutionOrderSort2 (0ms)
			AwakeInstancesAfterBackupRestoration (5ms)
Platform modules already initialized, skipping
Refreshing native plugins compatible for Editor in 1.24 ms, found 4 plugins.
Preloading 0 native plugins for Editor in 0.00 ms.
Unloading 3776 Unused Serialized files (Serialized files now loaded: 0)
Unloading 41 unused Assets / (0.8 MB). Loaded Objects now: 4224.
Memory consumption went from 145.3 MB to 144.5 MB.
Total: 2.421200 ms (FindLiveObjects: 0.153200 ms CreateObjectMapping: 0.072900 ms MarkObjects: 1.938900 ms  DeleteObjects: 0.255700 ms)

AssetImportParameters requested are different than current active one (requested -> active):
  custom:video-decoder-ogg-theora: a1e56fd34408186e4bbccfd4996cb3dc -> 
  custom:container-muxer-webm: aa71ff27fc2769a1b78a27578f13a17b -> 
  custom:container-demuxer-webm: 4f35f7cbe854078d1ac9338744f61a02 -> 
  custom:video-encoder-webm-vp8: eb34c28f22e8b96e1ab97ce403110664 -> 
  custom:audio-encoder-webm-vorbis: bf7c407c2cedff20999df2af8eb42d56 -> 
  custom:framework-win-MediaFoundation: 216162199b28c13a410421893ffa2e32 -> 
  custom:container-demuxer-ogg: 62fdf1f143b41e24485cea50d1cbac27 -> 
  custom:video-decoder-webm-vp8: 9c59270c3fd7afecdb556c50c9e8de78 -> 
  custom:audio-decoder-ogg-vorbis: bf7c407c2cedff20999df2af8eb42d56 -> 
========================================================================
Received Import Request.
  Time since last request: 257.783890 seconds.
  path: Assets/Animations/Background Music.ogg
  artifactKey: Guid(0f147119f796c6a4db53926b08faf13a) Importer(815301076,1909f56bfc062723c751e8b465ee728b)
Start importing Assets/Animations/Background Music.ogg using Guid(0f147119f796c6a4db53926b08faf13a) Importer(815301076,1909f56bfc062723c751e8b465ee728b)  -> (artifact id: '38e54ace95befee8303de67dd6e8dac8') in 0.106764 seconds 
========================================================================
Received Import Request.
  Time since last request: 0.000024 seconds.
  path: Assets/Animations/Horizontal Border.png
  artifactKey: Guid(af04c4d01a7585a4c8f3e91a72cf1384) Importer(815301076,1909f56bfc062723c751e8b465ee728b)
Start importing Assets/Animations/Horizontal Border.png using Guid(af04c4d01a7585a4c8f3e91a72cf1384) Importer(815301076,1909f56bfc062723c751e8b465ee728b)  -> (artifact id: '19cf0d386e04e90064cd86102d3aec91') in 0.049168 seconds 
========================================================================
Received Import Request.
  Time since last request: 0.000028 seconds.
  path: Assets/Animations/Racket.png
  artifactKey: Guid(f4c61204068a01f458caa490f73d0098) Importer(815301076,1909f56bfc062723c751e8b465ee728b)
Start importing Assets/Animations/Racket.png using Guid(f4c61204068a01f458caa490f73d0098) Importer(815301076,1909f56bfc062723c751e8b465ee728b)  -> (artifact id: 'fbb1cc28f53666eeb5f44ce97167c39b') in 0.016200 seconds 
========================================================================
Received Import Request.
  Time since last request: 0.000019 seconds.
  path: Assets/Animations/Replay Button.png
  artifactKey: Guid(a267f01bdf100b349bcad38c4577a0c3) Importer(815301076,1909f56bfc062723c751e8b465ee728b)
Start importing Assets/Animations/Replay Button.png using Guid(a267f01bdf100b349bcad38c4577a0c3) Importer(815301076,1909f56bfc062723c751e8b465ee728b)  -> (artifact id: '012e7fab00702517d640d3227033e618') in 0.014528 seconds 
========================================================================
Received Import Request.
  Time since last request: 0.000017 seconds.
  path: Assets/Animations/Hit SFX.wav
  artifactKey: Guid(d14f21aa5a7bf3c41a2be6eb4b169233) Importer(815301076,1909f56bfc062723c751e8b465ee728b)
Start importing Assets/Animations/Hit SFX.wav using Guid(d14f21aa5a7bf3c41a2be6eb4b169233) Importer(815301076,1909f56bfc062723c751e8b465ee728b)  -> (artifact id: '79c99a06a93730fe07adfe932c89ef76') in 0.009411 seconds 
========================================================================
Received Import Request.
  Time since last request: 0.000021 seconds.
  path: Assets/Animations/Game Over Text.png
  artifactKey: Guid(4599cbd9dd9b74b4fb06c2f34698cca0) Importer(815301076,1909f56bfc062723c751e8b465ee728b)
Start importing Assets/Animations/Game Over Text.png using Guid(4599cbd9dd9b74b4fb06c2f34698cca0) Importer(815301076,1909f56bfc062723c751e8b465ee728b)  -> (artifact id: '3521ef56251a49098fc1373d8e22a71a') in 0.024019 seconds 
Editor requested this worker to shutdown with reason: Scaling down because of idle timeout
AssetImportWorker is now disconnected from the server
Process exiting
Exiting without the bug reporter. Application will terminate with return code 0